11/06/20 10:59:55: main.scss - Undefined variable $accentcolorL: line: 27
11/06/20 11:24:01: main.scss - parse error: failed at `... }` /var/www/vhosts/libelnet.eu/subdomains/demo/template/wp-content/themes/libelnet-template-theme/assets/scss/main.scss on line 6
11/06/20 11:26:01: main.scss - Undefined mixin media-breakpoint-down: line: 191
11/06/20 11:27:01: main.scss - Undefined mixin media-breakpoint-down: line: 191
11/06/20 11:29:01: main.scss - Undefined mixin media-breakpoint-down: line: 191
11/06/20 11:31:01: main.scss - Undefined mixin media-breakpoint-down: line: 191
11/06/20 11:33:01: main.scss - Undefined mixin media-breakpoint-down: line: 191
11/06/20 11:35:01: main.scss - Undefined mixin media-breakpoint-down: line: 191
11/06/20 12:08:47: main.scss - Undefined mixin media-breakpoint-down: line: 193
11/06/20 12:09:47: main.scss - Undefined mixin media-breakpoint-down: line: 193
11/06/20 12:11:47: main.scss - Undefined mixin media-breakpoint-down: line: 193
11/06/20 12:13:32: main.scss - Undefined mixin media-breakpoint-down: line: 193
11/06/20 12:14:32: main.scss - Undefined mixin media-breakpoint-down: line: 193
11/06/20 12:16:32: main.scss - Undefined mixin media-breakpoint-down: line: 193
11/06/20 12:18:29: main.scss - Undefined mixin media-breakpoint-down: line: 193
11/06/20 12:19:29: main.scss - Undefined mixin media-breakpoint-down: line: 193
11/06/20 12:21:29: main.scss - Undefined mixin media-breakpoint-down: line: 192
11/06/20 12:22:38: main.scss - Undefined mixin media-breakpoint-down: line: 194
11/06/20 12:23:38: main.scss - Undefined mixin media-breakpoint-down: line: 194
11/06/20 12:25:38: main.scss - Undefined mixin media-breakpoint-down: line: 194
11/06/20 12:27:37: main.scss - Undefined variable $mainHeading: line: 70
11/06/20 12:29:37: main.scss - Undefined mixin media-breakpoint-down: line: 196
11/06/20 12:31:37: main.scss - Undefined variable $grid-breakpoints: line: 207
11/06/20 12:35:28: main.scss - Undefined mixin media-breakpoint-down: line: 191
11/06/20 12:38:28: main.scss - Undefined mixin media-breakpoint-down: line: 191
11/06/20 12:39:44: main.scss - Undefined mixin media-breakpoint-down: line: 202
11/06/20 12:40:44: main.scss - Undefined mixin media-breakpoint-down: line: 191
11/06/20 12:42:44: main.scss - Undefined mixin media-breakpoint-down: line: 191
11/06/20 12:43:44: main.scss - Undefined mixin media-breakpoint-down: line: 194
11/06/20 12:45:44: main.scss - Undefined mixin media-breakpoint-down: line: 193
11/06/20 1:01:17: main.scss - Undefined mixin media-breakpoint-down: line: 191
11/06/20 1:02:17: main.scss - Undefined mixin media-breakpoint-down: line: 191
11/06/20 1:03:17: main.scss - Undefined mixin media-breakpoint-down: line: 191
11/06/20 1:04:32: main.scss - Undefined mixin media-breakpoint-down: line: 192
11/06/20 1:05:32: main.scss - Undefined mixin media-breakpoint-down: line: 192
11/06/20 1:07:32: main.scss - Undefined mixin media-breakpoint-down: line: 192
11/06/20 1:09:32: main.scss - Undefined mixin media-breakpoint-down: line: 192
11/06/20 1:11:32: main.scss - Undefined mixin media-breakpoint-down: line: 192
11/06/20 1:13:32: main.scss - Undefined mixin media-breakpoint-down: line: 192
11/06/20 1:28:28: main.scss - Undefined mixin media-breakpoint-down: line: 190
11/06/20 1:29:28: main.scss - Undefined mixin media-breakpoint-down: line: 190
11/06/20 1:30:28: main.scss - Undefined mixin media-breakpoint-down: line: 190
11/06/20 1:31:28: main.scss - Undefined mixin media-breakpoint-down: line: 190
11/06/20 1:33:28: main.scss - Undefined mixin media-breakpoint-down: line: 190
11/06/20 1:34:53: main.scss - Undefined mixin media-breakpoint-down: line: 190
11/06/20 1:35:53: main.scss - Undefined mixin media-breakpoint-down: line: 190
11/06/20 1:37:53: main.scss - Undefined mixin media-breakpoint-down: line: 190
11/06/20 1:39:53: main.scss - Undefined mixin media-breakpoint-down: line: 190
11/06/20 1:40:53: main.scss - parse error: failed at `&} {` /var/www/vhosts/libelnet.eu/subdomains/demo/template/wp-content/themes/libelnet-template-theme/assets/scss/..//bootstrap/scss/mixins/_badge.scss on line 5
11/06/20 1:41:53: main.scss - parse error: failed at `&} {` /var/www/vhosts/libelnet.eu/subdomains/demo/template/wp-content/themes/libelnet-template-theme/assets/scss/..//bootstrap/scss/mixins/_badge.scss on line 5
11/06/20 1:45:53: main.scss - Incompatible units: "rem" and "".: line: 9
11/06/20 1:48:53: main.scss - Incompatible units: "rem" and "".: line: 9
11/06/20 1:49:53: main.scss - Incompatible units: "rem" and "".: line: 9
11/06/20 1:50:53: main.scss - Incompatible units: "rem" and "".: line: 9
11/06/20 1:51:53: main.scss - Incompatible units: "rem" and "".: line: 9
11/06/20 1:53:44: main.scss - Incompatible units: "rem" and "".: line: 9
11/06/20 1:54:44: main.scss - Incompatible units: "rem" and "".: line: 9
11/06/20 1:56:44: main.scss - Incompatible units: "rem" and "".: line: 9
11/06/20 1:58:27: main.scss - Incompatible units: "rem" and "".: line: 9
11/06/20 1:59:27: main.scss - Incompatible units: "rem" and "".: line: 9
11/06/20 2:17:21: main.scss - Incompatible units: "rem" and "".: line: 9
11/06/20 2:18:21: main.scss - Incompatible units: "rem" and "".: line: 9
11/06/20 2:20:21: main.scss - Incompatible units: "rem" and "".: line: 9
11/06/20 2:21:21: main.scss - Incompatible units: "rem" and "".: line: 9
11/06/20 2:22:21: main.scss - Incompatible units: "rem" and "".: line: 9
11/06/20 2:24:21: main.scss - Incompatible units: "rem" and "".: line: 9
11/06/20 2:26:21: main.scss - Incompatible units: "rem" and "".: line: 9
11/06/20 2:28:21: main.scss - Incompatible units: "rem" and "".: line: 9
